
> planner-project@1.0.0 auto-push
> node watch-and-push.js

2025-10-30T16:04:16.955Z Watching for file changes. Press Ctrl+C to stop.
2025-10-30T16:09:29.990Z Detected change index.html
2025-10-30T16:09:30.002Z Detected change auto-push.log
2025-10-30T16:09:32.006Z Changes detected but sentinel file '.commit-now' not present — waiting for manual trigger.
2025-10-30T16:09:32.010Z Detected change auto-push.log
2025-10-30T16:09:34.012Z Changes detected but sentinel file '.commit-now' not present — waiting for manual trigger.
2025-10-30T16:09:34.015Z Detected change auto-push.log
2025-10-30T16:09:36.017Z Changes detected but sentinel file '.commit-now' not present — waiting for manual trigger.
2025-10-30T16:09:36.020Z Detected change auto-push.log
2025-10-30T16:09:38.022Z Changes detected but sentinel file '.commit-now' not present — waiting for manual trigger.
2025-10-30T16:09:38.025Z Detected change auto-push.log
2025-10-30T16:09:40.026Z Changes detected but sentinel file '.commit-now' not present — waiting for manual trigger.
2025-10-30T16:09:40.028Z Detected change auto-push.log
2025-10-30T16:09:42.030Z Changes detected but sentinel file '.commit-now' not present — waiting for manual trigger.
2025-10-30T16:09:42.031Z Detected change auto-push.log
2025-10-30T16:09:44.034Z Changes detected but sentinel file '.commit-now' not present — waiting for manual trigger.
2025-10-30T16:09:44.036Z Detected change auto-push.log
2025-10-30T16:09:46.039Z Changes detected but sentinel file '.commit-now' not present — waiting for manual trigger.
2025-10-30T16:09:46.041Z Detected change auto-push.log
2025-10-30T16:09:48.043Z Changes detected but sentinel file '.commit-now' not present — waiting for manual trigger.
2025-10-30T16:09:48.045Z Detected change auto-push.log
2025-10-30T16:09:50.047Z Changes detected but sentinel file '.commit-now' not present — waiting for manual trigger.
2025-10-30T16:09:50.049Z Detected change auto-push.log
2025-10-30T16:09:52.054Z Changes detected but sentinel file '.commit-now' not present — waiting for manual trigger.
2025-10-30T16:09:52.056Z Detected change auto-push.log
2025-10-30T16:09:54.058Z Changes detected but sentinel file '.commit-now' not present — waiting for manual trigger.
2025-10-30T16:09:54.060Z Detected change auto-push.log
2025-10-30T16:09:56.062Z Changes detected but sentinel file '.commit-now' not present — waiting for manual trigger.
2025-10-30T16:09:56.066Z Detected change auto-push.log
2025-10-30T16:09:58.068Z Changes detected but sentinel file '.commit-now' not present — waiting for manual trigger.
2025-10-30T16:09:58.070Z Detected change auto-push.log
2025-10-30T16:10:00.072Z Changes detected but sentinel file '.commit-now' not present — waiting for manual trigger.
2025-10-30T16:10:00.074Z Detected change auto-push.log
2025-10-30T16:10:02.076Z Changes detected but sentinel file '.commit-now' not present — waiting for manual trigger.
2025-10-30T16:10:02.077Z Detected change auto-push.log
2025-10-30T16:10:04.079Z Changes detected but sentinel file '.commit-now' not present — waiting for manual trigger.
2025-10-30T16:10:04.081Z Detected change auto-push.log
2025-10-30T16:10:06.084Z Changes detected but sentinel file '.commit-now' not present — waiting for manual trigger.
2025-10-30T16:10:06.086Z Detected change auto-push.log
2025-10-30T16:10:08.089Z Changes detected but sentinel file '.commit-now' not present — waiting for manual trigger.
2025-10-30T16:10:08.091Z Detected change auto-push.log
2025-10-30T16:10:08.287Z Detected change watch-and-push.js
2025-10-30T16:10:08.291Z Detected change auto-push.log
2025-10-30T16:10:10.293Z Changes detected but sentinel file '.commit-now' not present — waiting for manual trigger.
2025-10-30T16:10:10.295Z Detected change auto-push.log
2025-10-30T16:10:12.297Z Changes detected but sentinel file '.commit-now' not present — waiting for manual trigger.
2025-10-30T16:10:12.299Z Detected change auto-push.log
2025-10-30T16:10:14.301Z Changes detected but sentinel file '.commit-now' not present — waiting for manual trigger.
2025-10-30T16:10:14.303Z Detected change auto-push.log
2025-10-30T16:10:16.305Z Changes detected but sentinel file '.commit-now' not present — waiting for manual trigger.
2025-10-30T16:10:16.309Z Detected change auto-push.log
2025-10-30T16:10:18.311Z Changes detected but sentinel file '.commit-now' not present — waiting for manual trigger.
2025-10-30T16:10:18.312Z Detected change auto-push.log
2025-10-30T16:10:20.314Z Changes detected but sentinel file '.commit-now' not present — waiting for manual trigger.
2025-10-30T16:10:20.320Z Detected change auto-push.log
2025-10-30T16:10:22.323Z Changes detected but sentinel file '.commit-now' not present — waiting for manual trigger.
2025-10-30T16:10:22.324Z Detected change auto-push.log
2025-10-30T16:10:24.326Z Changes detected but sentinel file '.commit-now' not present — waiting for manual trigger.
2025-10-30T16:10:24.327Z Detected change auto-push.log
2025-10-30T16:10:26.329Z Changes detected but sentinel file '.commit-now' not present — waiting for manual trigger.
2025-10-30T16:10:26.331Z Detected change auto-push.log
2025-10-30T16:10:28.333Z Changes detected but sentinel file '.commit-now' not present — waiting for manual trigger.
2025-10-30T16:10:28.335Z Detected change auto-push.log
2025-10-30T16:10:30.337Z Changes detected but sentinel file '.commit-now' not present — waiting for manual trigger.
2025-10-30T16:10:30.338Z Detected change auto-push.log
2025-10-30T16:10:32.340Z Changes detected but sentinel file '.commit-now' not present — waiting for manual trigger.
2025-10-30T16:10:32.342Z Detected change auto-push.log
2025-10-30T16:10:34.344Z Changes detected but sentinel file '.commit-now' not present — waiting for manual trigger.
2025-10-30T16:10:34.346Z Detected change auto-push.log
2025-10-30T16:10:36.348Z Changes detected but sentinel file '.commit-now' not present — waiting for manual trigger.
2025-10-30T16:10:36.349Z Detected change auto-push.log
2025-10-30T16:10:38.351Z Changes detected but sentinel file '.commit-now' not present — waiting for manual trigger.
2025-10-30T16:10:38.353Z Detected change auto-push.log
2025-10-30T16:10:40.355Z Changes detected but sentinel file '.commit-now' not present — waiting for manual trigger.
2025-10-30T16:10:40.356Z Detected change auto-push.log
2025-10-30T16:10:42.358Z Changes detected but sentinel file '.commit-now' not present — waiting for manual trigger.
2025-10-30T16:10:42.360Z Detected change auto-push.log
2025-10-30T16:10:44.361Z Changes detected but sentinel file '.commit-now' not present — waiting for manual trigger.
2025-10-30T16:10:44.362Z Detected change auto-push.log
2025-10-30T16:10:46.364Z Changes detected but sentinel file '.commit-now' not present — waiting for manual trigger.
2025-10-30T16:10:46.365Z Detected change auto-push.log
2025-10-30T16:10:48.367Z Changes detected but sentinel file '.commit-now' not present — waiting for manual trigger.
2025-10-30T16:10:48.370Z Detected change auto-push.log
2025-10-30T16:10:50.371Z Changes detected but sentinel file '.commit-now' not present — waiting for manual trigger.
2025-10-30T16:10:50.373Z Detected change auto-push.log
2025-10-30T16:10:52.375Z Changes detected but sentinel file '.commit-now' not present — waiting for manual trigger.
2025-10-30T16:10:52.376Z Detected change auto-push.log
2025-10-30T16:10:54.377Z Changes detected but sentinel file '.commit-now' not present — waiting for manual trigger.
2025-10-30T16:10:54.379Z Detected change auto-push.log
Terminated
